<?xml version="1.0" encoding="UTF-8"?>
<testng-results ignored="0" total="1" passed="1" failed="0" skipped="0">
  <reporter-output>
  </reporter-output>
  <suite started-at="2025-05-19T20:43:53 IST" name="Default suite" finished-at="2025-05-19T20:43:53 IST" duration-ms="47">
    <groups>
    </groups>
    <test started-at="2025-05-19T20:43:53 IST" name="Default test" finished-at="2025-05-19T20:43:53 IST" duration-ms="47">
      <class name="inheritance1">
        <test-method is-config="true" signature="testbefore()[pri:0, instance:inheritance1@235834f2]" started-at="2025-05-19T20:43:53 IST" name="testbefore" finished-at="2025-05-19T20:43:53 IST" duration-ms="7" status="PASS">
          <reporter-output>
          </reporter-output>
        </test-method> <!-- testbefore -->
        <test-method is-config="true" signature="before()[pri:0, instance:inheritance1@235834f2]" started-at="2025-05-19T20:43:53 IST" name="before" finished-at="2025-05-19T20:43:53 IST" duration-ms="1" status="PASS">
          <reporter-output>
          </reporter-output>
        </test-method> <!-- before -->
        <test-method signature="testRun()[pri:0, instance:inheritance1@235834f2]" started-at="2025-05-19T20:43:53 IST" name="testRun" finished-at="2025-05-19T20:43:53 IST" duration-ms="9" status="PASS">
          <reporter-output>
          </reporter-output>
        </test-method> <!-- testRun -->
        <test-method is-config="true" signature="after()[pri:0, instance:inheritance1@235834f2]" started-at="2025-05-19T20:43:53 IST" name="after" finished-at="2025-05-19T20:43:53 IST" duration-ms="1" status="PASS">
          <reporter-output>
          </reporter-output>
        </test-method> <!-- after -->
      </class> <!-- inheritance1 -->
    </test> <!-- Default test -->
  </suite> <!-- Default suite -->
</testng-results>
